2026-03-29T00:20:09.422+01:00  INFO 6376 --- [tp8-monitoring] [main] m.e.t.Tp8MonitoringApplication           : Starting Tp8MonitoringApplication using Java 21.0.10 with PID 6376 (C:\Users\HP PRO\Documents\tp8-monitoring\target\classes started by HP PRO in C:\Users\HP PRO\Documents\tp8-monitoring)
2026-03-29T00:20:09.441+01:00  INFO 6376 --- [tp8-monitoring] [main] m.e.t.Tp8MonitoringApplication           : No active profile set, falling back to 1 default profile: "default"
2026-03-29T00:20:11.539+01:00  INFO 6376 --- [tp8-monitoring] [main] o.s.boot.tomcat.TomcatWebServer          : Tomcat initialized with port 8084 (http)
2026-03-29T00:20:11.579+01:00  INFO 6376 --- [tp8-monitoring] [main] o.apache.catalina.core.StandardService   : Starting service [Tomcat]
2026-03-29T00:20:11.581+01:00  INFO 6376 --- [tp8-monitoring] [main] o.apache.catalina.core.StandardEngine    : Starting Servlet engine: [Apache Tomcat/11.0.20]
2026-03-29T00:20:11.693+01:00  INFO 6376 --- [tp8-monitoring] [main] b.w.c.s.WebApplicationContextInitializer : Root WebApplicationContext: initialization completed in 2119 ms
2026-03-29T00:20:12.796+01:00  INFO 6376 --- [tp8-monitoring] [main] o.s.b.a.e.web.EndpointLinksResolver      : Exposing 14 endpoints beneath base path '/actuator'
2026-03-29T00:20:12.944+01:00  INFO 6376 --- [tp8-monitoring] [main] o.s.boot.tomcat.TomcatWebServer          : Tomcat started on port 8084 (http) with context path '/'
2026-03-29T00:20:12.960+01:00  INFO 6376 --- [tp8-monitoring] [main] m.e.t.Tp8MonitoringApplication           : Started Tp8MonitoringApplication in 4.588 seconds (process running for 5.627)
2026-03-29T00:20:28.039+01:00  INFO 6376 --- [tp8-monitoring] [http-nio-8084-exec-1] o.a.c.c.C.[Tomcat].[localhost].[/]       : Initializing Spring DispatcherServlet 'dispatcherServlet'
2026-03-29T00:20:28.042+01:00  INFO 6376 --- [tp8-monitoring] [http-nio-8084-exec-1] o.s.web.servlet.DispatcherServlet        : Initializing Servlet 'dispatcherServlet'
2026-03-29T00:20:28.048+01:00  INFO 6376 --- [tp8-monitoring] [http-nio-8084-exec-1] o.s.web.servlet.DispatcherServlet        : Completed initialization in 5 ms
2026-03-29T00:22:56.817+01:00  INFO 6376 --- [tp8-monitoring] [SpringApplicationShutdownHook] o.s.boot.tomcat.GracefulShutdown         : Commencing graceful shutdown. Waiting for active requests to complete
2026-03-29T00:22:56.838+01:00  INFO 6376 --- [tp8-monitoring] [tomcat-shutdown] o.s.boot.tomcat.GracefulShutdown         : Graceful shutdown complete
2026-03-29T00:26:56.379+01:00  INFO 16256 --- [tp8-monitoring] [main] m.e.t.Tp8MonitoringApplication           : Starting Tp8MonitoringApplication using Java 21.0.10 with PID 16256 (C:\Users\HP PRO\Documents\tp8-monitoring\target\classes started by HP PRO in C:\Users\HP PRO\Documents\tp8-monitoring)
2026-03-29T00:26:56.385+01:00  INFO 16256 --- [tp8-monitoring] [main] m.e.t.Tp8MonitoringApplication           : No active profile set, falling back to 1 default profile: "default"
2026-03-29T00:26:58.327+01:00  INFO 16256 --- [tp8-monitoring] [main] o.s.boot.tomcat.TomcatWebServer          : Tomcat initialized with port 8084 (http)
2026-03-29T00:26:58.362+01:00  INFO 16256 --- [tp8-monitoring] [main] o.apache.catalina.core.StandardService   : Starting service [Tomcat]
2026-03-29T00:26:58.362+01:00  INFO 16256 --- [tp8-monitoring] [main] o.apache.catalina.core.StandardEngine    : Starting Servlet engine: [Apache Tomcat/11.0.20]
2026-03-29T00:26:58.478+01:00  INFO 16256 --- [tp8-monitoring] [main] b.w.c.s.WebApplicationContextInitializer : Root WebApplicationContext: initialization completed in 1970 ms
2026-03-29T00:26:59.483+01:00  INFO 16256 --- [tp8-monitoring] [main] o.s.b.a.e.web.EndpointLinksResolver      : Exposing 14 endpoints beneath base path '/actuator'
2026-03-29T00:26:59.609+01:00  INFO 16256 --- [tp8-monitoring] [main] o.s.boot.tomcat.TomcatWebServer          : Tomcat started on port 8084 (http) with context path '/'
2026-03-29T00:26:59.620+01:00  INFO 16256 --- [tp8-monitoring] [main] m.e.t.Tp8MonitoringApplication           : Started Tp8MonitoringApplication in 4.186 seconds (process running for 5.113)
2026-03-29T00:27:02.966+01:00  INFO 16256 --- [tp8-monitoring] [http-nio-8084-exec-1] o.a.c.c.C.[Tomcat].[localhost].[/]       : Initializing Spring DispatcherServlet 'dispatcherServlet'
2026-03-29T00:27:02.967+01:00  INFO 16256 --- [tp8-monitoring] [http-nio-8084-exec-1] o.s.web.servlet.DispatcherServlet        : Initializing Servlet 'dispatcherServlet'
2026-03-29T00:27:02.970+01:00  INFO 16256 --- [tp8-monitoring] [http-nio-8084-exec-1] o.s.web.servlet.DispatcherServlet        : Completed initialization in 2 ms
2026-03-29T00:30:50.916+01:00  INFO 16256 --- [tp8-monitoring] [SpringApplicationShutdownHook] o.s.boot.tomcat.GracefulShutdown         : Commencing graceful shutdown. Waiting for active requests to complete
2026-03-29T00:30:50.948+01:00  INFO 16256 --- [tp8-monitoring] [tomcat-shutdown] o.s.boot.tomcat.GracefulShutdown         : Graceful shutdown complete
